  Title on CFG file: Tes Ti18 beta                                                              
 Crystal and sample symmetry:   7  1
 Lattice parameters:    1.000   1.000   1.000  90.000  90.000  90.000
  Iteration control parameters: 
  itz,abpro,vitpro,peps,izick,irp,r,rfak,ianfsu,rfanf
   21  1.00  0.30  0.05    1    0 2.000 1.100    1  2.00
 Number of pole figures:     3
     CRYSTAL SYMMETRY   IGB =  7  ( O)    NUMBER OF GROUP ELEMENTS  IZGB = 24

  read cfg file
    1    1    0    1      0.00     80.00

 NPOLEX, h k l , NTmin , NTmax :    1       1   1   0      1 17
 ******
                                 MAREF CALCULATION
  IZOVERI =            1
   Equivalent HKL-directions :
   INV = 1, i.e. HKL is of type h*; only the half number
   of the equivalent HKL-directions is given
   I =  1  Theta =  90.000 Phi =  45.000 NBEIN =     1
   I =  2  Theta =  45.000 Phi = 270.000 NBEIN =     2
   I =  3  Theta =  45.000 Phi =   0.000 NBEIN =     3
   I =  4  Theta =  90.000 Phi = 135.000 NBEIN =     4
   I =  5  Theta =  45.000 Phi = 180.000 NBEIN =     5
   I =  6  Theta =  45.000 Phi =  90.000 NBEIN =     6
  read cfg file
    2    0    0    1      0.00     80.00

 NPOLEX, h k l , NTmin , NTmax :    2       2   0   0      1 17
 ******
                                 MAREF CALCULATION
  IZOVERI =            1
   Equivalent HKL-directions :
   INV = 1, i.e. HKL is of type h*; only the half number
   of the equivalent HKL-directions is given
   I =  1  Theta =  90.000 Phi =   0.000 NBEIN =     7
   I =  2  Theta =  90.000 Phi =  90.000 NBEIN =     8
   I =  3  Theta =   0.000 Phi = 180.000 NBEIN =     9
  read cfg file
    2    2    0    1      0.00     80.00

 NPOLEX, h k l , NTmin , NTmax :    3       2   2   0      1 17
 ******
                                 MAREF CALCULATION
  IZOVERI =            1
   Equivalent HKL-directions :
   INV = 1, i.e. HKL is of type h*; only the half number
   of the equivalent HKL-directions is given
   I =  1  Theta =  90.000 Phi =  45.000 NBEIN =    10
   I =  2  Theta =  45.000 Phi = 270.000 NBEIN =    11
   I =  3  Theta =  45.000 Phi =   0.000 NBEIN =    12
   I =  4  Theta =  90.000 Phi = 135.000 NBEIN =    13
   I =  5  Theta =  45.000 Phi = 180.000 NBEIN =    14
   I =  6  Theta =  45.000 Phi =  90.000 NBEIN =    15

          RFANF =  0.20000E+01 F2 = 0.16752E+02 ENTROPIE = -0.15809E+01
       PHONINP =   0.01  PHONSTEPEPS =  0.0050

          RFANF =  0.25000E+01 F2 = 0.41170E+02 ENTROPIE = -0.24538E+01
       PHONINP =   0.00  PHONSTEPEPS =  0.0050

          RFANF =  0.30000E+01 F2 = 0.81462E+02 ENTROPIE = -0.32443E+01
       PHONINP =   0.00  PHONSTEPEPS =  0.0050


     OPTIMUM RFANF =     2.50


 Tes Ti18 beta                                                              
 Data file: WIMV.INP                                                                   

  ****  True iteration step #  0  ****
ODF Minimum and Maximum:      0.00    199.40
Texture Index (F**2)            41.1689
Entropy                         -2.4538
Average RP                      62.3860
Average RP1                     53.0925

   h   k   l     RP0     RP1     min.    max.   a min.  a max.
                     (%)           (m.r.d)
 Tes Ti18 beta                                                              
 Data file: WIMV.INP                                                                   

  ****  True iteration step #  1  ****
ODF Minimum and Maximum:      0.00     93.43
Texture Index (F**2)            17.2334
Entropy                         -1.9116
Average RP                      66.9270
Average RP1                     45.6232

   h   k   l     RP0     RP1     min.    max.   a min.  a max.
                     (%)           (m.r.d)
     RP.GE.HRP        66.92701  62.38595
 Tes Ti18 beta                                                              
 Data file: WIMV.INP                                                                   

  ****  True iteration step #  0  ****
ODF Minimum and Maximum:      0.00    199.40
Texture Index (F**2)            17.2334
Entropy                         -1.9116
Average RP                      62.3860
Average RP1                     53.0925

   h   k   l     RP0     RP1     min.    max.   a min.  a max.
                     (%)           (m.r.d)
 Tes Ti18 beta                                                              
 Data file: WIMV.INP                                                                   

  ****  True iteration step #  1  ****
ODF Minimum and Maximum:      0.00     92.49
Texture Index (F**2)            17.5270
Entropy                         -1.9199
Average RP                      63.8661
Average RP1                     40.0478

   h   k   l     RP0     RP1     min.    max.   a min.  a max.
                     (%)           (m.r.d)
     RP.GE.HRP        63.86614  62.38595
 Tes Ti18 beta                                                              
 Data file: WIMV.INP                                                                   

  ****  True iteration step #  0  ****
ODF Minimum and Maximum:      0.00    199.40
Texture Index (F**2)            17.5270
Entropy                         -1.9199
Average RP                      62.3860
Average RP1                     53.0925

   h   k   l     RP0     RP1     min.    max.   a min.  a max.
                     (%)           (m.r.d)
 Tes Ti18 beta                                                              
 Data file: WIMV.INP                                                                   

  ****  True iteration step #  1  ****
ODF Minimum and Maximum:      0.00     91.26
Texture Index (F**2)            18.0100
Entropy                         -1.9341
Average RP                      61.3041
Average RP1                     35.5922

   h   k   l     RP0     RP1     min.    max.   a min.  a max.
                     (%)           (m.r.d)
 Tes Ti18 beta                                                              
 Data file: WIMV.INP                                                                   

  ****  True iteration step #  2  ****
ODF Minimum and Maximum:      0.00    164.73
Texture Index (F**2)            27.3513
Entropy                         -2.2240
Average RP                      51.1873
Average RP1                     31.1522

   h   k   l     RP0     RP1     min.    max.   a min.  a max.
                     (%)           (m.r.d)
 Tes Ti18 beta                                                              
 Data file: WIMV.INP                                                                   

  ****  True iteration step #  3  ****
ODF Minimum and Maximum:      0.00    127.15
Texture Index (F**2)            22.8891
Entropy                         -2.1469
Average RP                      53.4139
Average RP1                     29.3889

   h   k   l     RP0     RP1     min.    max.   a min.  a max.
                     (%)           (m.r.d)
     RP.GE.HRP        53.41390  51.18730
   STOP AT THE     3-TH ITERATION STEP MEAN RP_VALUE (per cent)  0.512E+02

   1   1   0   38.10   23.41    0.01    8.37     0.0    80.0    Exp.norm.  
   1   1   0   38.10   23.41    0.05   10.53     0.0    80.0    Recal.norm.
   2   0   0   57.17   41.17    0.03   13.32     0.0    80.0    Exp.norm.  
   2   0   0   57.17   41.17    0.04   33.80     0.0    80.0    Recal.norm.
   2   2   0   64.97   23.59    0.08    9.33     0.0    80.0    Exp.norm.  
   2   2   0   64.97   23.59    0.05   10.53     0.0    80.0    Recal.norm.
